{"name": "test_userAccountCreate", "status": "failed", "statusDetails": {"message": "AssertionError", "trace": "self = <pages.userRegistrationScreen.CreateAccount object at 0x000002347D72C340>\ntext = 'TestingUser', locatorvalue = 'customer_firstname', locatortype = 'name'\n\n    def send_text(self, text, locatorvalue, locatortype=\"xpath\"):\n        element = None\n        try:\n            locatortype = locatortype.lower()\n            element = self.get_element(locatorvalue, locatortype)\n>           element.send_keys(text)\nE           AttributeError: 'NoneType' object has no attribute 'send_keys'\n\n..\\base\\basefile.py:98: AttributeError\n\nDuring handling of the above exception, another exception occurred:\n\nself = <test.CreateAccounttest.CreateAccountTest testMethod=test_userAccountCreate>\n\n    @pytest.mark.run(order=3)\n    def test_userAccountCreate(self):\n        cl.allureLogs(\"User Account Creation Started\")\n        self.ca.verifyCreateAccountPageLoaded()\n        time.sleep(6)\n        self.ca.selectGenderAsMale()\n>       self.ca.enterFirstName()\n\n..\\test\\CreateAccounttest.py:37: \n_ _ _ _ _ _ _ _ _ _ _ _ _ _ _ _ _ _ _ _ _ _ _ _ _ _ _ _ _ _ _ _ _ _ _ _ _ _ _ _\n..\\pages\\userRegistrationScreen.py:56: in enterFirstName\n    self.send_text(\"TestingUser\", self._enterFirstName, \"name\")\n_ _ _ _ _ _ _ _ _ _ _ _ _ _ _ _ _ _ _ _ _ _ _ _ _ _ _ _ _ _ _ _ _ _ _ _ _ _ _ _\n\nself = <pages.userRegistrationScreen.CreateAccount object at 0x000002347D72C340>\ntext = 'TestingUser', locatorvalue = 'customer_firstname', locatortype = 'name'\n\n    def send_text(self, text, locatorvalue, locatortype=\"xpath\"):\n        element = None\n        try:\n            locatortype = locatortype.lower()\n            element = self.get_element(locatorvalue, locatortype)\n            element.send_keys(text)\n            print(\n                \"send text  on element with locatortype: \" + locatortype + \" and with the locatorvalue :\" + locatorvalue)\n        except:\n            print(\n                \"unable to send text on element with locatortype: \" + locatortype + \" and with the locatorvalue :\" + locatorvalue)\n            self.take_screenshot(\"Screenshots\")\n>           assert False\nE           AssertionError\n\n..\\base\\basefile.py:105: AssertionError"}, "steps": [{"name": "User Account Creation Started", "status": "passed", "start": 1658828456847, "stop": 1658828456847}, {"name": "********Verified as Home Page is loaded and displayed******", "status": "passed", "start": 1658828459100, "stop": 1658828459100}, {"name": "********Verified as Home Page is loaded and displayed******", "status": "passed", "start": 1658828465296, "stop": 1658828465297}], "attachments": [{"name": "Screenshots", "source": "198b03e7-1b20-46c0-9e0e-17a183c4a608-attachment.png", "type": "image/png"}, {"name": "stdout", "source": "2cab1016-e83a-4724-b5e9-28efa3d29bbc-attachment.txt", "type": "text/plain"}], "start": 1658828456846, "stop": 1658828465772, "uuid": "074df18a-62d3-4d2a-9fa1-d5d7debfee08", "historyId": "404e75022f5e24c1b43dc1c39af5a004", "testCaseId": "6b243b58d86420990eae2af8969b97b1", "fullName": "test.TestSuite.CreateAccountTest#test_userAccountCreate", "labels": [{"name": "tag", "value": "run(order=3)"}, {"name": "tag", "value": "@pytest.mark.usefixtures('beforeClass', 'beforeMethod')"}, {"name": "parentSuite", "value": "test"}, {"name": "suite", "value": "TestSuite"}, {"name": "subSuite", "value": "CreateAccountTest"}, {"name": "host", "value": "IB-SEZ-LAP-826"}, {"name": "thread", "value": "19404-MainThread"}, {"name": "framework", "value": "pytest"}, {"name": "language", "value": "cpython3"}, {"name": "package", "value": "test.TestSuite"}]}