{"name": "test_userAccountCreate", "status": "failed", "statusDetails": {"message": "AssertionError", "trace": "self = <test.CreateAccounttest.CreateAccountTest testMethod=test_userAccountCreate>\n\n    @pytest.mark.run(order=3)\n    def test_userAccountCreate(self):\n        cl.allureLogs(\"User Account Creation Started\")\n>       self.ca.verifyCreateAccountPageLoaded()\n\n..\\test\\CreateAccounttest.py:34: \n_ _ _ _ _ _ _ _ _ _ _ _ _ _ _ _ _ _ _ _ _ _ _ _ _ _ _ _ _ _ _ _ _ _ _ _ _ _ _ _\n\nself = <pages.userRegistrationScreen.CreateAccount object at 0x0000018646F8F730>\n\n    def verifyCreateAccountPageLoaded(self):\n        element = self.is_displayed(self._createAccountPageDisp, \"id\")\n>       assert element == True\nE       AssertionError\n\n..\\pages\\userRegistrationScreen.py:39: AssertionError"}, "steps": [{"name": "User Account Creation Started", "status": "passed", "start": 1658827892592, "stop": 1658827892592}], "attachments": [{"name": "Screenshots", "source": "73039d25-140d-4f0b-b0c1-f9eef204418a-attachment.png", "type": "image/png"}, {"name": "stdout", "source": "79797379-40d2-4fa3-9021-208d642dffaa-attachment.txt", "type": "text/plain"}], "start": 1658827892592, "stop": 1658827903369, "uuid": "4991c375-1a8c-4a07-ad26-5dc6b73e78a0", "historyId": "404e75022f5e24c1b43dc1c39af5a004", "testCaseId": "6b243b58d86420990eae2af8969b97b1", "fullName": "test.TestSuite.CreateAccountTest#test_userAccountCreate", "labels": [{"name": "tag", "value": "run(order=3)"}, {"name": "tag", "value": "@pytest.mark.usefixtures('beforeClass', 'beforeMethod')"}, {"name": "parentSuite", "value": "test"}, {"name": "suite", "value": "TestSuite"}, {"name": "subSuite", "value": "CreateAccountTest"}, {"name": "host", "value": "IB-SEZ-LAP-826"}, {"name": "thread", "value": "24428-MainThread"}, {"name": "framework", "value": "pytest"}, {"name": "language", "value": "cpython3"}, {"name": "package", "value": "test.TestSuite"}]}