{"name": "test_userAccountCreate", "status": "failed", "statusDetails": {"message": "AssertionError", "trace": "self = <test.CreateAccounttest.CreateAccountTest testMethod=test_userAccountCreate>\n\n    @pytest.mark.run(order=3)\n    def test_userAccountCreate(self):\n        cl.allureLogs(\"User Account Creation Started\")\n>       self.ca.verifyCreateAccountPageLoaded()\n\n..\\test\\CreateAccounttest.py:34: \n_ _ _ _ _ _ _ _ _ _ _ _ _ _ _ _ _ _ _ _ _ _ _ _ _ _ _ _ _ _ _ _ _ _ _ _ _ _ _ _\n\nself = <pages.userRegistrationScreen.CreateAccount object at 0x000002C27C5C37F0>\n\n    def verifyCreateAccountPageLoaded(self):\n        element = self.is_displayed(self._createAccountPageDisp, \"id\")\n>       assert element == True\nE       AssertionError\n\n..\\pages\\userRegistrationScreen.py:39: AssertionError"}, "steps": [{"name": "User Account Creation Started", "status": "passed", "start": 1658827997272, "stop": 1658827997272}], "attachments": [{"name": "Screenshots", "source": "f2b6a75c-ed77-49c4-b511-f4bf4b18faf7-attachment.png", "type": "image/png"}, {"name": "stdout", "source": "859ae143-3e51-4b0e-9259-ca82ce8810c9-attachment.txt", "type": "text/plain"}], "start": 1658827997271, "stop": 1658828008111, "uuid": "5483fb02-1edf-4093-9e65-7bd9e948250c", "historyId": "404e75022f5e24c1b43dc1c39af5a004", "testCaseId": "6b243b58d86420990eae2af8969b97b1", "fullName": "test.TestSuite.CreateAccountTest#test_userAccountCreate", "labels": [{"name": "tag", "value": "run(order=3)"}, {"name": "tag", "value": "@pytest.mark.usefixtures('beforeClass', 'beforeMethod')"}, {"name": "parentSuite", "value": "test"}, {"name": "suite", "value": "TestSuite"}, {"name": "subSuite", "value": "CreateAccountTest"}, {"name": "host", "value": "IB-SEZ-LAP-826"}, {"name": "thread", "value": "8376-MainThread"}, {"name": "framework", "value": "pytest"}, {"name": "language", "value": "cpython3"}, {"name": "package", "value": "test.TestSuite"}]}