{"name": "test_userAccountCreate", "status": "failed", "statusDetails": {"message": "AssertionError", "trace": "self = <pages.userRegistrationScreen.CreateAccount object at 0x0000028727A705B0>\ntext = 'TestingUser', locatorvalue = \"//input[@id='customer_firstname']\"\nlocatortype = 'name'\n\n    def send_text(self, text, locatorvalue, locatortype=\"xpath\"):\n        element = None\n        try:\n            locatortype = locatortype.lower()\n            element = self.get_element(locatorvalue, locatortype)\n>           element.send_keys(text)\nE           AttributeError: 'NoneType' object has no attribute 'send_keys'\n\n..\\base\\basefile.py:98: AttributeError\n\nDuring handling of the above exception, another exception occurred:\n\nself = <test.CreateAccounttest.CreateAccountTest testMethod=test_userAccountCreate>\n\n    @pytest.mark.run(order=3)\n    def test_userAccountCreate(self):\n        cl.allureLogs(\"User Account Creation Started\")\n        self.ca.verifyCreateAccountPageLoaded()\n        time.sleep(6)\n        self.ca.selectGenderAsMale()\n>       self.ca.enterFirstName()\n\n..\\test\\CreateAccounttest.py:37: \n_ _ _ _ _ _ _ _ _ _ _ _ _ _ _ _ _ _ _ _ _ _ _ _ _ _ _ _ _ _ _ _ _ _ _ _ _ _ _ _\n..\\pages\\userRegistrationScreen.py:56: in enterFirstName\n    self.send_text(\"TestingUser\", self._enterFirstName, \"name\")\n_ _ _ _ _ _ _ _ _ _ _ _ _ _ _ _ _ _ _ _ _ _ _ _ _ _ _ _ _ _ _ _ _ _ _ _ _ _ _ _\n\nself = <pages.userRegistrationScreen.CreateAccount object at 0x0000028727A705B0>\ntext = 'TestingUser', locatorvalue = \"//input[@id='customer_firstname']\"\nlocatortype = 'name'\n\n    def send_text(self, text, locatorvalue, locatortype=\"xpath\"):\n        element = None\n        try:\n            locatortype = locatortype.lower()\n            element = self.get_element(locatorvalue, locatortype)\n            element.send_keys(text)\n            print(\n                \"send text  on element with locatortype: \" + locatortype + \" and with the locatorvalue :\" + locatorvalue)\n        except:\n            print(\n                \"unable to send text on element with locatortype: \" + locatortype + \" and with the locatorvalue :\" + locatorvalue)\n            self.take_screenshot(\"Screenshots\")\n>           assert False\nE           AssertionError\n\n..\\base\\basefile.py:105: AssertionError"}, "steps": [{"name": "User Account Creation Started", "status": "passed", "start": 1658828707922, "stop": 1658828707922}, {"name": "********Verified as Home Page is loaded and displayed******", "status": "passed", "start": 1658828711156, "stop": 1658828711156}, {"name": "********Verified as Home Page is loaded and displayed******", "status": "passed", "start": 1658828717313, "stop": 1658828717314}], "attachments": [{"name": "Screenshots", "source": "f968e80c-ac6c-4f8d-878e-d52563166f54-attachment.png", "type": "image/png"}, {"name": "stdout", "source": "bdb84c14-689a-43c7-b1f1-3be2d7042822-attachment.txt", "type": "text/plain"}], "start": 1658828707921, "stop": 1658828717620, "uuid": "bfee94be-9e6a-45a7-8b96-7137c1571b8a", "historyId": "404e75022f5e24c1b43dc1c39af5a004", "testCaseId": "6b243b58d86420990eae2af8969b97b1", "fullName": "test.TestSuite.CreateAccountTest#test_userAccountCreate", "labels": [{"name": "tag", "value": "run(order=3)"}, {"name": "tag", "value": "@pytest.mark.usefixtures('beforeClass', 'beforeMethod')"}, {"name": "parentSuite", "value": "test"}, {"name": "suite", "value": "TestSuite"}, {"name": "subSuite", "value": "CreateAccountTest"}, {"name": "host", "value": "IB-SEZ-LAP-826"}, {"name": "thread", "value": "1984-MainThread"}, {"name": "framework", "value": "pytest"}, {"name": "language", "value": "cpython3"}, {"name": "package", "value": "test.TestSuite"}]}